2026-03-01 17:12:26 - __main__ - INFO - Starting data ranking process
2026-03-01 17:12:26 - __main__ - INFO - Input directory: data\raw
2026-03-01 17:12:26 - __main__ - INFO - Output directory: data\processed
2026-03-01 17:12:26 - __main__ - INFO - Top N: 20
2026-03-01 17:12:26 - __main__ - INFO - ================================================================================
2026-03-01 17:12:26 - __main__ - INFO - STEP 1: Data Normalization
2026-03-01 17:12:26 - __main__ - INFO - ================================================================================
2026-03-01 17:12:26 - __main__ - INFO - Reading raw files from data\raw
2026-03-01 17:12:26 - __main__ - INFO - Loaded 2149 company records
2026-03-01 17:12:26 - __main__ - INFO - Loaded 122 crypto records
2026-03-01 17:12:26 - __main__ - INFO - Loaded 420 metals records
2026-03-01 17:12:26 - __main__ - INFO - Normalizing company data
2026-03-01 17:12:26 - __main__ - WARNING - Missing column 'name' in company data, adding default
2026-03-01 17:12:26 - __main__ - INFO - Normalized 2149 company records
2026-03-01 17:12:26 - __main__ - INFO - Normalizing crypto data
2026-03-01 17:12:26 - __main__ - WARNING - Missing column 'name' in crypto data, adding default
2026-03-01 17:12:26 - __main__ - INFO - Normalized 122 crypto records
2026-03-01 17:12:26 - __main__ - INFO - Normalizing metals data
2026-03-01 17:12:26 - __main__ - WARNING - Missing column 'metal_id' in metals data, adding default
2026-03-01 17:12:26 - __main__ - INFO - Normalized 420 metals records
2026-03-01 17:12:26 - __main__ - INFO - Merging normalized datasets
2026-03-01 17:12:26 - __main__ - INFO - Merged dataset contains 542 records across 227 dates
2026-03-01 17:12:26 - __main__ - INFO - 
================================================================================
2026-03-01 17:12:26 - __main__ - INFO - STEP 2: Ranking by Market Cap
2026-03-01 17:12:26 - __main__ - INFO - ================================================================================
2026-03-01 17:12:26 - __main__ - INFO - Ranking assets by market cap (top 20)
2026-03-01 17:12:26 - __main__ - INFO - Created rankings for 227 dates
2026-03-01 17:12:26 - __main__ - INFO - 
================================================================================
2026-03-01 17:12:26 - __main__ - INFO - STEP 3: Computing Rank Transitions
2026-03-01 17:12:26 - __main__ - INFO - ================================================================================
2026-03-01 17:12:26 - __main__ - INFO - Computing rank transitions
