2026-03-01 17:06:11,421 - __main__ - INFO - Initialized MetalsPriceFetcher with output dir: data/raw
2026-03-01 17:06:11,436 - __main__ - INFO - Loaded 4 metals from config\precious_metals_supply.csv
2026-03-01 17:06:11,439 - __main__ - DEBUG - Metals: ['GC', 'SI', 'PL', 'PA']
2026-03-01 17:06:11,439 - __main__ - INFO - Starting batch fetch for 4 metals (2016-01-01 to 2026-02-24)
2026-03-01 17:06:11,447 - __main__ - DEBUG - Fetching GC (attempt 1/3)
2026-03-01 17:06:12,115 - __main__ - DEBUG - Attempt 1 failed for GC: Can only use .str accessor with Index, not MultiIndex
2026-03-01 17:06:12,115 - __main__ - DEBUG - Retrying GC in 1s...
2026-03-01 17:06:13,116 - __main__ - DEBUG - Fetching GC (attempt 2/3)
2026-03-01 17:06:13,129 - __main__ - DEBUG - Attempt 2 failed for GC: Can only use .str accessor with Index, not MultiIndex
2026-03-01 17:06:13,129 - __main__ - DEBUG - Retrying GC in 2s...
2026-03-01 17:06:15,130 - __main__ - DEBUG - Fetching GC (attempt 3/3)
2026-03-01 17:06:15,143 - __main__ - DEBUG - Attempt 3 failed for GC: Can only use .str accessor with Index, not MultiIndex
2026-03-01 17:06:15,143 - __main__ - ERROR - Failed to fetch GC after 3 attempts: Can only use .str accessor with Index, not MultiIndex
2026-03-01 17:06:15,143 - __main__ - WARNING - No price data for GC (Gold)
2026-03-01 17:06:15,143 - __main__ - DEBUG - Fetching SI (attempt 1/3)
2026-03-01 17:06:15,277 - __main__ - DEBUG - Attempt 1 failed for SI: Can only use .str accessor with Index, not MultiIndex
2026-03-01 17:06:15,277 - __main__ - DEBUG - Retrying SI in 1s...
2026-03-01 17:06:16,280 - __main__ - DEBUG - Fetching SI (attempt 2/3)
2026-03-01 17:06:16,293 - __main__ - DEBUG - Attempt 2 failed for SI: Can only use .str accessor with Index, not MultiIndex
2026-03-01 17:06:16,293 - __main__ - DEBUG - Retrying SI in 2s...
2026-03-01 17:06:18,294 - __main__ - DEBUG - Fetching SI (attempt 3/3)
2026-03-01 17:06:18,307 - __main__ - DEBUG - Attempt 3 failed for SI: Can only use .str accessor with Index, not MultiIndex
2026-03-01 17:06:18,307 - __main__ - ERROR - Failed to fetch SI after 3 attempts: Can only use .str accessor with Index, not MultiIndex
2026-03-01 17:06:18,307 - __main__ - WARNING - No price data for SI (Silver)
2026-03-01 17:06:18,309 - __main__ - DEBUG - Fetching PL (attempt 1/3)
2026-03-01 17:06:18,449 - __main__ - DEBUG - Attempt 1 failed for PL: Can only use .str accessor with Index, not MultiIndex
2026-03-01 17:06:18,449 - __main__ - DEBUG - Retrying PL in 1s...
2026-03-01 17:06:19,450 - __main__ - DEBUG - Fetching PL (attempt 2/3)
2026-03-01 17:06:19,465 - __main__ - DEBUG - Attempt 2 failed for PL: Can only use .str accessor with Index, not MultiIndex
2026-03-01 17:06:19,465 - __main__ - DEBUG - Retrying PL in 2s...
2026-03-01 17:06:21,465 - __main__ - DEBUG - Fetching PL (attempt 3/3)
2026-03-01 17:06:21,476 - __main__ - DEBUG - Attempt 3 failed for PL: Can only use .str accessor with Index, not MultiIndex
2026-03-01 17:06:21,476 - __main__ - ERROR - Failed to fetch PL after 3 attempts: Can only use .str accessor with Index, not MultiIndex
2026-03-01 17:06:21,476 - __main__ - WARNING - No price data for PL (Platinum)
2026-03-01 17:06:21,476 - __main__ - DEBUG - Fetching PA (attempt 1/3)
2026-03-01 17:06:21,609 - __main__ - WARNING - No data returned for PA
2026-03-01 17:06:21,610 - __main__ - WARNING - No price data for PA (Palladium)
2026-03-01 17:06:21,611 - __main__ - WARNING - No successful metal price fetches
2026-03-01 17:06:21,611 - __main__ - ERROR - No data retrieved from any metal
2026-03-01 17:06:52,840 - __main__ - INFO - Initialized MetalsPriceFetcher with output dir: data/raw
2026-03-01 17:06:52,846 - __main__ - INFO - Loaded 4 metals from config\precious_metals_supply.csv
2026-03-01 17:06:52,846 - __main__ - DEBUG - Metals: ['GC=F', 'SI=F', 'PL=F', 'PA=F']
2026-03-01 17:06:52,846 - __main__ - INFO - Starting batch fetch for 4 metals (2016-01-01 to 2026-02-24)
2026-03-01 17:06:52,846 - __main__ - DEBUG - Fetching GC=F (attempt 1/3)
2026-03-01 17:06:53,402 - __main__ - INFO - Successfully fetched 105 records for GC=F
2026-03-01 17:06:53,404 - __main__ - ERROR - No price column found for GC=F
2026-03-01 17:06:53,405 - __main__ - DEBUG - Fetching SI=F (attempt 1/3)
2026-03-01 17:06:53,533 - __main__ - INFO - Successfully fetched 105 records for SI=F
2026-03-01 17:06:53,533 - __main__ - ERROR - No price column found for SI=F
2026-03-01 17:06:53,533 - __main__ - DEBUG - Fetching PL=F (attempt 1/3)
2026-03-01 17:06:53,673 - __main__ - INFO - Successfully fetched 105 records for PL=F
2026-03-01 17:06:53,673 - __main__ - ERROR - No price column found for PL=F
2026-03-01 17:06:53,673 - __main__ - DEBUG - Fetching PA=F (attempt 1/3)
2026-03-01 17:06:53,816 - __main__ - INFO - Successfully fetched 105 records for PA=F
2026-03-01 17:06:53,816 - __main__ - ERROR - No price column found for PA=F
2026-03-01 17:06:53,816 - __main__ - INFO - Combined 4 metal datasets
2026-03-01 17:06:53,816 - __main__ - INFO - Saved 420 records to data\raw\metals_monthly.csv
2026-03-01 17:06:53,816 - __main__ - INFO - Saved metadata to data\raw\metals_fetch_metadata.json
2026-03-01 17:07:32,415 - __main__ - INFO - Initialized MetalsPriceFetcher with output dir: data/raw
2026-03-01 17:07:32,446 - __main__ - INFO - Loaded 4 metals from config\precious_metals_supply.csv
2026-03-01 17:07:32,446 - __main__ - DEBUG - Metals: ['GC=F', 'SI=F', 'PL=F', 'PA=F']
2026-03-01 17:07:32,446 - __main__ - INFO - Starting batch fetch for 4 metals (2016-01-01 to 2026-02-24)
2026-03-01 17:07:32,459 - __main__ - DEBUG - Fetching GC=F (attempt 1/3)
2026-03-01 17:07:33,221 - __main__ - INFO - Successfully fetched 105 records for GC=F
2026-03-01 17:07:33,224 - __main__ - DEBUG - Computed market cap for GC=F: avg=$13,012,683,539,109
2026-03-01 17:07:33,229 - __main__ - DEBUG - Fetching SI=F (attempt 1/3)
2026-03-01 17:07:33,349 - __main__ - INFO - Successfully fetched 105 records for SI=F
2026-03-01 17:07:33,355 - __main__ - DEBUG - Computed market cap for SI=F: avg=$1,316,225,366,764
2026-03-01 17:07:33,357 - __main__ - DEBUG - Fetching PL=F (attempt 1/3)
2026-03-01 17:07:33,473 - __main__ - INFO - Successfully fetched 105 records for PL=F
2026-03-01 17:07:33,476 - __main__ - DEBUG - Computed market cap for PL=F: avg=$630,240,000,732
2026-03-01 17:07:33,477 - __main__ - DEBUG - Fetching PA=F (attempt 1/3)
2026-03-01 17:07:33,577 - __main__ - INFO - Successfully fetched 105 records for PA=F
2026-03-01 17:07:33,580 - __main__ - DEBUG - Computed market cap for PA=F: avg=$455,993,295,666
2026-03-01 17:07:33,584 - __main__ - INFO - Combined 4 metal datasets
2026-03-01 17:07:33,593 - __main__ - INFO - Saved 420 records to data\raw\metals_monthly.csv
2026-03-01 17:07:33,594 - __main__ - INFO - Saved metadata to data\raw\metals_fetch_metadata.json
